<?xml version="1.0" encoding="UTF-8"?>
<!-- Generated by org.testng.reporters.JUnitReportReporter -->
<testsuite hostname="MuthuramanE" failures="0" tests="1" name="PageNavigationCheck" time="56.831" errors="0" timestamp="2023-10-11T16:58:43 IST" skipped="0">
  <testcase classname="PageNavigationCheck" name="navigationCheck" time="56.831"/>
</testsuite> <!-- PageNavigationCheck -->
