<?xml version="1.0" encoding="UTF-8"?>
<!-- Generated by org.testng.reporters.JUnitReportReporter -->
<testsuite hostname="MuthuramanE" failures="0" tests="2" name="TestNGConceptValidation" time="120.622" errors="0" timestamp="2023-10-11T17:19:22 IST" skipped="0">
  <testcase classname="TestNGConceptValidation" name="navigationCheck" time="112.387"/>
  <testcase classname="TestNGConceptValidation" name="logoCheck" time="8.235"/>
</testsuite> <!-- TestNGConceptValidation -->
