<?xml version="1.0" encoding="UTF-8"?>
<!-- Generated by org.testng.reporters.JUnitReportReporter -->
<testsuite hostname="MuthuramanE" failures="0" tests="2" name="TestNGConceptValidation" time="44.014" errors="0" timestamp="2023-10-11T17:32:05 IST" skipped="0">
  <testcase classname="TestNGConceptValidation" name="navigationCheck" time="33.725"/>
  <testcase classname="TestNGConceptValidation" name="logoCheck" time="10.289"/>
</testsuite> <!-- TestNGConceptValidation -->
